[18:01:46] [Server thread/INFO]: Starting minecraft server version 1.7.10
[18:02:45] [Server thread/INFO]: Loading properties
[18:02:45] [Server thread/INFO]: Default game type: SURVIVAL
[18:02:45] [Server thread/INFO]: Generating keypair
[18:02:45] [Server thread/INFO]: Starting Minecraft server on *:25565
[18:03:26] [Server thread/INFO]: Preparing level "world"
[18:03:31] [Server thread/INFO]: Preparing start region for level 0
[18:03:33] [Server thread/INFO]: Preparing spawn area: 6%
[18:03:35] [Server thread/INFO]: Preparing spawn area: 60%
[18:03:36] [Server thread/INFO]: Preparing spawn area: 70%
[18:03:36] [Server thread/INFO]: Done (11.519s)! For help, type "help" or "?"
[18:03:40] [Server thread/WARN]: Can't keep up! Did the system time change, or is the server overloaded? Running 2171ms behind, skipping 43 tick(s)
[18:04:27] [Server thread/WARN]: Can't keep up! Did the system time change, or is the server overloaded? Running 2019ms behind, skipping 40 tick(s)
[18:06:18] [User Authenticator #1/INFO]: UUID of player Zazazike is 48299393-8436-415e-a157-db103c91c6d5
[18:06:19] [Server thread/INFO]: Zazazike[/25.70.120.22:50932] logged in with entity id 4863 at (228.0524675777455, 63.0, 61.1530325616595)
[18:06:19] [Server thread/INFO]: Zazazike joined the game
[18:14:32] [User Authenticator #2/INFO]: UUID of player jhonnydepp67 is 5390e5a3-f566-4c8f-b6ae-570ca864f343
[18:15:12] [Server thread/INFO]: jhonnydepp67 lost connection: TranslatableComponent{key='disconnect.timeout', args=[], siblings=[], style=Style{hasParent=false, color=null, bold=null, italic=null, underlined=null, obfuscated=null, clickEvent=null, hoverEvent=null}}
[18:15:12] [Server thread/INFO]: jhonnydepp67 left the game
[18:15:29] [User Authenticator #3/INFO]: UUID of player jhonnydepp67 is 5390e5a3-f566-4c8f-b6ae-570ca864f343
[18:16:00] [Server thread/INFO]: jhonnydepp67 lost connection: TranslatableComponent{key='disconnect.timeout', args=[], siblings=[], style=Style{hasParent=false, color=null, bold=null, italic=null, underlined=null, obfuscated=null, clickEvent=null, hoverEvent=null}}
[18:16:00] [Server thread/INFO]: jhonnydepp67 left the game
[18:16:59] [User Authenticator #4/INFO]: UUID of player jhonnydepp67 is 5390e5a3-f566-4c8f-b6ae-570ca864f343
[18:17:31] [Server thread/INFO]: jhonnydepp67 lost connection: TranslatableComponent{key='disconnect.timeout', args=[], siblings=[], style=Style{hasParent=false, color=null, bold=null, italic=null, underlined=null, obfuscated=null, clickEvent=null, hoverEvent=null}}
[18:17:31] [Server thread/INFO]: jhonnydepp67 left the game
[18:37:33] [Server thread/WARN]: Can't keep up! Did the system time change, or is the server overloaded? Running 2421ms behind, skipping 48 tick(s)
[18:43:00] [User Authenticator #5/INFO]: UUID of player jhonnydepp67 is 5390e5a3-f566-4c8f-b6ae-570ca864f343
[18:43:31] [Server thread/INFO]: jhonnydepp67 lost connection: TranslatableComponent{key='disconnect.timeout', args=[], siblings=[], style=Style{hasParent=false, color=null, bold=null, italic=null, underlined=null, obfuscated=null, clickEvent=null, hoverEvent=null}}
[18:43:31] [Server thread/INFO]: jhonnydepp67 left the game
[18:43:51] [Server thread/INFO]: Zazazike lost connection: TextComponent{text='Disconnected', siblings=[], style=Style{hasParent=false, color=null, bold=null, italic=null, underlined=null, obfuscated=null, clickEvent=null, hoverEvent=null}}
[18:43:51] [Server thread/INFO]: Zazazike left the game
[18:44:06] [User Authenticator #6/INFO]: UUID of player Zazazike is 48299393-8436-415e-a157-db103c91c6d5
[18:44:07] [Server thread/INFO]: Zazazike[/25.70.120.22:52009] logged in with entity id 255715 at (197.40272041135105, 51.0, 61.67045065121248)
[18:44:07] [Server thread/INFO]: Zazazike joined the game
[18:44:38] [User Authenticator #7/INFO]: UUID of player jhonnydepp67 is 5390e5a3-f566-4c8f-b6ae-570ca864f343
[18:45:06] [Server thread/INFO]: Zazazike lost connection: TextComponent{text='Disconnected', siblings=[], style=Style{hasParent=false, color=null, bold=null, italic=null, underlined=null, obfuscated=null, clickEvent=null, hoverEvent=null}}
[18:45:06] [Server thread/INFO]: Zazazike left the game
[18:45:08] [Server thread/INFO]: jhonnydepp67 lost connection: TranslatableComponent{key='disconnect.timeout', args=[], siblings=[], style=Style{hasParent=false, color=null, bold=null, italic=null, underlined=null, obfuscated=null, clickEvent=null, hoverEvent=null}}
[18:45:08] [Server thread/INFO]: jhonnydepp67 left the game
[18:45:45] [User Authenticator #8/INFO]: UUID of player jhonnydepp67 is 5390e5a3-f566-4c8f-b6ae-570ca864f343
[18:46:15] [Server thread/INFO]: jhonnydepp67[/25.133.59.19:47525] logged in with entity id 262770 at (236.96481770820992, 63.0, 69.99584265185848)
[18:46:15] [Server thread/INFO]: jhonnydepp67 joined the game
[18:47:24] [Server thread/INFO]: Unknown command. Try /help for a list of commands
[18:47:47] [User Authenticator #9/INFO]: UUID of player Zazazike is 48299393-8436-415e-a157-db103c91c6d5
[18:47:48] [Server thread/INFO]: Zazazike[/25.70.120.22:52122] logged in with entity id 273624 at (197.697685333747, 51.0, 60.578070477425726)
[18:47:48] [Server thread/INFO]: Zazazike joined the game
[18:47:59] [Server thread/INFO]: com.mojang.authlib.GameProfile@86c374d[id=<null>,name=Zazazike,properties={},legacy=false] (/25.70.120.22:52121) lost connection: Disconnected
[18:48:25] [Server thread/INFO]: jhonnydepp67 lost connection: TextComponent{text='Disconnected', siblings=[], style=Style{hasParent=false, color=null, bold=null, italic=null, underlined=null, obfuscated=null, clickEvent=null, hoverEvent=null}}
[18:48:25] [Server thread/INFO]: jhonnydepp67 left the game
[18:49:07] [User Authenticator #10/INFO]: UUID of player jhonnydepp67 is 5390e5a3-f566-4c8f-b6ae-570ca864f343
[18:49:38] [Server thread/INFO]: jhonnydepp67 lost connection: TranslatableComponent{key='disconnect.timeout', args=[], siblings=[], style=Style{hasParent=false, color=null, bold=null, italic=null, underlined=null, obfuscated=null, clickEvent=null, hoverEvent=null}}
[18:49:38] [Server thread/INFO]: jhonnydepp67 left the game
[18:50:06] [User Authenticator #11/INFO]: UUID of player jhonnydepp67 is 5390e5a3-f566-4c8f-b6ae-570ca864f343
[18:50:36] [Server thread/INFO]: jhonnydepp67 lost connection: TranslatableComponent{key='disconnect.timeout', args=[], siblings=[], style=Style{hasParent=false, color=null, bold=null, italic=null, underlined=null, obfuscated=null, clickEvent=null, hoverEvent=null}}
[18:50:36] [Server thread/INFO]: jhonnydepp67 left the game
[18:50:46] [Server thread/INFO]: Zazazike lost connection: TextComponent{text='Disconnected', siblings=[], style=Style{hasParent=false, color=null, bold=null, italic=null, underlined=null, obfuscated=null, clickEvent=null, hoverEvent=null}}
[18:50:46] [Server thread/INFO]: Zazazike left the game
[18:51:05] [User Authenticator #12/INFO]: UUID of player jhonnydepp67 is 5390e5a3-f566-4c8f-b6ae-570ca864f343
[18:51:36] [Server thread/INFO]: jhonnydepp67 lost connection: TranslatableComponent{key='disconnect.timeout', args=[], siblings=[], style=Style{hasParent=false, color=null, bold=null, italic=null, underlined=null, obfuscated=null, clickEvent=null, hoverEvent=null}}
[18:51:36] [Server thread/INFO]: jhonnydepp67 left the game
[18:52:06] [User Authenticator #13/INFO]: UUID of player jhonnydepp67 is 5390e5a3-f566-4c8f-b6ae-570ca864f343
[18:52:22] [User Authenticator #14/INFO]: UUID of player Zazazike is 48299393-8436-415e-a157-db103c91c6d5
[18:52:23] [Server thread/INFO]: Zazazike[/25.70.120.22:52218] logged in with entity id 293602 at (204.1224606270353, 52.0, 64.68773133005013)
[18:52:23] [Server thread/INFO]: Zazazike joined the game
[18:52:36] [Server thread/INFO]: jhonnydepp67 lost connection: TranslatableComponent{key='disconnect.timeout', args=[], siblings=[], style=Style{hasParent=false, color=null, bold=null, italic=null, underlined=null, obfuscated=null, clickEvent=null, hoverEvent=null}}
[18:52:36] [Server thread/INFO]: jhonnydepp67 left the game
[18:53:25] [User Authenticator #15/INFO]: UUID of player jhonnydepp67 is 5390e5a3-f566-4c8f-b6ae-570ca864f343
[18:53:55] [Server thread/INFO]: jhonnydepp67 lost connection: TranslatableComponent{key='disconnect.timeout', args=[], siblings=[], style=Style{hasParent=false, color=null, bold=null, italic=null, underlined=null, obfuscated=null, clickEvent=null, hoverEvent=null}}
[18:53:55] [Server thread/INFO]: jhonnydepp67 left the game
[18:56:11] [User Authenticator #16/INFO]: UUID of player jhonnydepp67 is 5390e5a3-f566-4c8f-b6ae-570ca864f343
[18:56:41] [Server thread/INFO]: jhonnydepp67 lost connection: TranslatableComponent{key='disconnect.timeout', args=[], siblings=[], style=Style{hasParent=false, color=null, bold=null, italic=null, underlined=null, obfuscated=null, clickEvent=null, hoverEvent=null}}
[18:56:41] [Server thread/INFO]: jhonnydepp67 left the game
[19:32:39] [Server thread/WARN]: Failed to handle packet for /25.70.120.22:52218
java.lang.NullPointerException
	at net.minecraft.network.NetHandlerPlayServer.func_147346_a(NetHandlerPlayServer.java:620) ~[nh.class:?]
	at net.minecraft.network.play.client.C08PacketPlayerBlockPlacement.func_148833_a(SourceFile:60) ~[jo.class:?]
	at net.minecraft.network.play.client.C08PacketPlayerBlockPlacement.func_148833_a(SourceFile:9) ~[jo.class:?]
	at net.minecraft.network.NetworkManager.func_74428_b(NetworkManager.java:212) ~[ej.class:?]
	at net.minecraft.network.NetworkSystem.func_151269_c(NetworkSystem.java:165) [nc.class:?]
	at net.minecraft.server.MinecraftServer.func_71190_q(MinecraftServer.java:659) [MinecraftServer.class:?]
	at net.minecraft.server.dedicated.DedicatedServer.func_71190_q(DedicatedServer.java:334) [lt.class:?]
	at net.minecraft.server.MinecraftServer.func_71217_p(MinecraftServer.java:547) [MinecraftServer.class:?]
	at net.minecraft.server.MinecraftServer.run(MinecraftServer.java:427) [MinecraftServer.class:?]
	at net.minecraft.server.MinecraftServer$2.run(MinecraftServer.java:685) [li.class:?]
[19:32:39] [Server thread/INFO]: Zazazike lost connection: TextComponent{text='Internal server error', siblings=[], style=Style{hasParent=false, color=null, bold=null, italic=null, underlined=null, obfuscated=null, clickEvent=null, hoverEvent=null}}
[19:32:39] [Server thread/INFO]: Zazazike left the game
[19:33:31] [User Authenticator #17/INFO]: UUID of player Zazazike is 48299393-8436-415e-a157-db103c91c6d5
[19:33:31] [Server thread/INFO]: Zazazike[/25.70.120.22:53186] logged in with entity id 529784 at (202.0, 52.0, 63.12993311881846)
[19:33:31] [Server thread/INFO]: Zazazike joined the game
[19:38:51] [Server thread/WARN]: Failed to handle packet for /25.70.120.22:53186
java.lang.NullPointerException
	at net.minecraft.network.NetHandlerPlayServer.func_147346_a(NetHandlerPlayServer.java:620) ~[nh.class:?]
	at net.minecraft.network.play.client.C08PacketPlayerBlockPlacement.func_148833_a(SourceFile:60) ~[jo.class:?]
	at net.minecraft.network.play.client.C08PacketPlayerBlockPlacement.func_148833_a(SourceFile:9) ~[jo.class:?]
	at net.minecraft.network.NetworkManager.func_74428_b(NetworkManager.java:212) ~[ej.class:?]
	at net.minecraft.network.NetworkSystem.func_151269_c(NetworkSystem.java:165) [nc.class:?]
	at net.minecraft.server.MinecraftServer.func_71190_q(MinecraftServer.java:659) [MinecraftServer.class:?]
	at net.minecraft.server.dedicated.DedicatedServer.func_71190_q(DedicatedServer.java:334) [lt.class:?]
	at net.minecraft.server.MinecraftServer.func_71217_p(MinecraftServer.java:547) [MinecraftServer.class:?]
	at net.minecraft.server.MinecraftServer.run(MinecraftServer.java:427) [MinecraftServer.class:?]
	at net.minecraft.server.MinecraftServer$2.run(MinecraftServer.java:685) [li.class:?]
[19:38:51] [Server thread/INFO]: Zazazike lost connection: TextComponent{text='Internal server error', siblings=[], style=Style{hasParent=false, color=null, bold=null, italic=null, underlined=null, obfuscated=null, clickEvent=null, hoverEvent=null}}
[19:38:51] [Server thread/INFO]: Zazazike left the game
[19:39:05] [User Authenticator #18/INFO]: UUID of player Zazazike is 48299393-8436-415e-a157-db103c91c6d5
[19:39:06] [Server thread/INFO]: Zazazike[/25.70.120.22:53254] logged in with entity id 559494 at (202.89481870288438, 53.0, 64.30000001192097)
[19:39:06] [Server thread/INFO]: Zazazike joined the game
[19:52:16] [Server thread/INFO]: Zazazike lost connection: TextComponent{text='Disconnected', siblings=[], style=Style{hasParent=false, color=null, bold=null, italic=null, underlined=null, obfuscated=null, clickEvent=null, hoverEvent=null}}
[19:52:16] [Server thread/INFO]: Zazazike left the game
[19:52:25] [Server thread/INFO]: Stopping the server
[19:52:25] [Server thread/INFO]: Stopping server
[19:52:25] [Server thread/INFO]: Saving players
[19:52:25] [Server thread/INFO]: Saving worlds
[19:52:25] [Server thread/INFO]: Saving chunks for level 'world'/Overworld
[19:52:25] [Server thread/INFO]: Saving chunks for level 'world'/Nether
[19:52:25] [Server thread/INFO]: Saving chunks for level 'world'/Dungeon
